parameters  = --gpus all -v /home/amaminov:/home/amaminov -w /home/amaminov/interval-underdetermined-system-solver/interval-underdetermined-system-solver
e82f2e0aba88f573c65b1581a374742af1f454e73aa044098cd89aa7f0fd8c5d
Initialize container ...
Migrating user amaminov to container ...
Container starts ...
Namespace(Nu=10, Nv=10, parallel=None, v1_0=15, v1_1=60, v2_0=45, v2_1=150)
Namespace(Nu=10, Nv=10, parallel=None, v1_0=15, v1_1=60, v2_0=45, v2_1=150)
Namespace(Nu=10, Nv=10, parallel=None, v1_0=15, v1_1=60, v2_0=45, v2_1=150)
Namespace(Nu=10, Nv=10, parallel=None, v1_0=15, v1_1=60, v2_0=45, v2_1=150)
Namespace(Nu=10, Nv=10, parallel=None, v1_0=15, v1_1=60, v2_0=45, v2_1=150)
#####
RECURRENT FORM 
#####
#####
RECURRENT FORM 
#####
#####
RECURRENT FORM 
#####
#####
RECURRENT FORM 
#####
#####
RECURRENT FORM 
#####
Matrix([[-lam00*(u1 - 4*cos(v1) - 2*cos(v1 + v2)) - lam01*(u2 - 4*sin(v1) - 2*sin(v1 + v2)) + v1], [-lam10*(u1 - 4*cos(v1) - 2*cos(v1 + v2)) - lam11*(u2 - 4*sin(v1) - 2*sin(v1 + v2)) + v2]])
Matrix([[-lam00*(u1 - 4*cos(v1) - 2*cos(v1 + v2)) - lam01*(u2 - 4*sin(v1) - 2*sin(v1 + v2)) + v1], [-lam10*(u1 - 4*cos(v1) - 2*cos(v1 + v2)) - lam11*(u2 - 4*sin(v1) - 2*sin(v1 + v2)) + v2]])
Matrix([[-lam00*(u1 - 4*cos(v1) - 2*cos(v1 + v2)) - lam01*(u2 - 4*sin(v1) - 2*sin(v1 + v2)) + v1], [-lam10*(u1 - 4*cos(v1) - 2*cos(v1 + v2)) - lam11*(u2 - 4*sin(v1) - 2*sin(v1 + v2)) + v2]])
Matrix([[-lam00*(u1 - 4*cos(v1) - 2*cos(v1 + v2)) - lam01*(u2 - 4*sin(v1) - 2*sin(v1 + v2)) + v1], [-lam10*(u1 - 4*cos(v1) - 2*cos(v1 + v2)) - lam11*(u2 - 4*sin(v1) - 2*sin(v1 + v2)) + v2]])
Matrix([[-lam00*(u1 - 4*cos(v1) - 2*cos(v1 + v2)) - lam01*(u2 - 4*sin(v1) - 2*sin(v1 + v2)) + v1], [-lam10*(u1 - 4*cos(v1) - 2*cos(v1 + v2)) - lam11*(u2 - 4*sin(v1) - 2*sin(v1 + v2)) + v2]])
Namespace(Nu=10, Nv=10, parallel=None, v1_0=15, v1_1=60, v2_0=45, v2_1=150)
Namespace(Nu=10, Nv=10, parallel=None, v1_0=15, v1_1=60, v2_0=45, v2_1=150)
Namespace(Nu=10, Nv=10, parallel=None, v1_0=15, v1_1=60, v2_0=45, v2_1=150)
Namespace(Nu=10, Nv=10, parallel=None, v1_0=15, v1_1=60, v2_0=45, v2_1=150)
Namespace(Nu=10, Nv=10, parallel=None, v1_0=15, v1_1=60, v2_0=45, v2_1=150)
#####
RECURRENT FORM 
#####
#####
RECURRENT FORM 
#####
#####
RECURRENT FORM 
#####
#####
RECURRENT FORM 
#####
Matrix([[-lam00*(u1 - 4*cos(v1) - 2*cos(v1 + v2)) - lam01*(u2 - 4*sin(v1) - 2*sin(v1 + v2)) + v1], [-lam10*(u1 - 4*cos(v1) - 2*cos(v1 + v2)) - lam11*(u2 - 4*sin(v1) - 2*sin(v1 + v2)) + v2]])
Matrix([[-lam00*(u1 - 4*cos(v1) - 2*cos(v1 + v2)) - lam01*(u2 - 4*sin(v1) - 2*sin(v1 + v2)) + v1], [-lam10*(u1 - 4*cos(v1) - 2*cos(v1 + v2)) - lam11*(u2 - 4*sin(v1) - 2*sin(v1 + v2)) + v2]])
Matrix([[-lam00*(u1 - 4*cos(v1) - 2*cos(v1 + v2)) - lam01*(u2 - 4*sin(v1) - 2*sin(v1 + v2)) + v1], [-lam10*(u1 - 4*cos(v1) - 2*cos(v1 + v2)) - lam11*(u2 - 4*sin(v1) - 2*sin(v1 + v2)) + v2]])
#####
RECURRENT FORM 
#####
Matrix([[-lam00*(u1 - 4*cos(v1) - 2*cos(v1 + v2)) - lam01*(u2 - 4*sin(v1) - 2*sin(v1 + v2)) + v1], [-lam10*(u1 - 4*cos(v1) - 2*cos(v1 + v2)) - lam11*(u2 - 4*sin(v1) - 2*sin(v1 + v2)) + v2]])
Matrix([[-lam00*(u1 - 4*cos(v1) - 2*cos(v1 + v2)) - lam01*(u2 - 4*sin(v1) - 2*sin(v1 + v2)) + v1], [-lam10*(u1 - 4*cos(v1) - 2*cos(v1 + v2)) - lam11*(u2 - 4*sin(v1) - 2*sin(v1 + v2)) + v2]])
#####
RECURRENT FORM 
#####
#####
RECURRENT FORM 
#####
#####
RECURRENT FORM 
#####
Matrix([[-lam00*(u1 - 4*cos(v1) - 2*cos(v1 + v2)) - lam01*(u2 - 4*sin(v1) - 2*sin(v1 + v2)) + v1], [-lam10*(u1 - 4*cos(v1) - 2*cos(v1 + v2)) - lam11*(u2 - 4*sin(v1) - 2*sin(v1 + v2)) + v2]])
Matrix([[-lam00*(u1 - 4*cos(v1) - 2*cos(v1 + v2)) - lam01*(u2 - 4*sin(v1) - 2*sin(v1 + v2)) + v1], [-lam10*(u1 - 4*cos(v1) - 2*cos(v1 + v2)) - lam11*(u2 - 4*sin(v1) - 2*sin(v1 + v2)) + v2]])
Matrix([[-lam00*(u1 - 4*cos(v1) - 2*cos(v1 + v2)) - lam01*(u2 - 4*sin(v1) - 2*sin(v1 + v2)) + v1], [-lam10*(u1 - 4*cos(v1) - 2*cos(v1 + v2)) - lam11*(u2 - 4*sin(v1) - 2*sin(v1 + v2)) + v2]])
rank =  5 ;  5 / 99
rank =  7 ;  7 / 99
rank =  9 ;  9 / 99
#####
RECURRENT FORM 
#####
#####
RECURRENT FORM 
#####
Matrix([[-lam00*(u1 - 4*cos(v1) - 2*cos(v1 + v2)) - lam01*(u2 - 4*sin(v1) - 2*sin(v1 + v2)) + v1], [-lam10*(u1 - 4*cos(v1) - 2*cos(v1 + v2)) - lam11*(u2 - 4*sin(v1) - 2*sin(v1 + v2)) + v2]])
Matrix([[-lam00*(u1 - 4*cos(v1) - 2*cos(v1 + v2)) - lam01*(u2 - 4*sin(v1) - 2*sin(v1 + v2)) + v1], [-lam10*(u1 - 4*cos(v1) - 2*cos(v1 + v2)) - lam11*(u2 - 4*sin(v1) - 2*sin(v1 + v2)) + v2]])
rank =  9 ;  19 / 99
rank =  9 ;  29 / 99
rank =  7 ;  17 / 99
rank =  3 ;  3 / 99
rank =  9 ;  39 / 99
rank =  5 ;  15 / 99
rank =  1 ;  1 / 99
rank =  9 ;  49 / 99
rank =  3 ;  13 / 99
rank =  1 ;  11 / 99
rank =  9 ;  59 / 99
rank =  7 ;  27 / 99
rank =  5 ;  25 / 99
rank =  1 ;  21 / 99
rank =  3 ;  23 / 99
rank =  9 ;  69 / 99
rank =  1 ;  31 / 99
rank =  9 ;  79 / 99
rank =  5 ;  35 / 99
rank =  7 ;  37 / 99
rank =  3 ;  33 / 99
rank =  9 ;  89 / 99
rank =  1 ;  41 / 99
rank =  9 ;  99 / 99
rank =  5 ;  45 / 99
rank =  7 ;  47 / 99
rank  9 sending area_boxes ...
rank  9 sending border_boxes ...
Traceback (most recent call last):
  File "passive_rehabilitation_system.py", line 176, in <module>
    bicentered_krawczyk_extension, eps, uniform_u=False)
TypeError: 'NoneType' object is not iterable
rank =  3 ;  43 / 99
rank =  1 ;  51 / 99
rank =  5 ;  55 / 99
rank =  7 ;  57 / 99
rank =  3 ;  53 / 99
rank =  1 ;  61 / 99
rank =  1 ;  71 / 99
rank =  7 ;  67 / 99
rank =  3 ;  63 / 99
rank =  5 ;  65 / 99
rank =  1 ;  81 / 99
rank =  7 ;  77 / 99
rank =  1 ;  91 / 99
rank  1 sending area_boxes ...
rank  1 sending border_boxes ...
rank =  3 ;  73 / 99
Traceback (most recent call last):
  File "passive_rehabilitation_system.py", line 176, in <module>
    bicentered_krawczyk_extension, eps, uniform_u=False)
TypeError: 'NoneType' object is not iterable
rank =  7 ;  87 / 99
rank =  5 ;  75 / 99
rank =  3 ;  83 / 99
rank =  7 ;  97 / 99
rank  7 sending area_boxes ...
rank  7 sending border_boxes ...
Traceback (most recent call last):
  File "passive_rehabilitation_system.py", line 176, in <module>
    bicentered_krawczyk_extension, eps, uniform_u=False)
TypeError: 'NoneType' object is not iterable
rank =  3 ;  93 / 99
rank =  5 ;  85 / 99
rank  3 sending area_boxes ...
rank  3 sending border_boxes ...
Traceback (most recent call last):
  File "passive_rehabilitation_system.py", line 176, in <module>
    bicentered_krawczyk_extension, eps, uniform_u=False)
TypeError: 'NoneType' object is not iterable
rank =  5 ;  95 / 99
rank  5 sending area_boxes ...
rank  5 sending border_boxes ...
Traceback (most recent call last):
  File "passive_rehabilitation_system.py", line 176, in <module>
    bicentered_krawczyk_extension, eps, uniform_u=False)
TypeError: 'NoneType' object is not iterable
#####
RECURRENT FORM 
#####
#####
RECURRENT FORM 
#####
Matrix([[-lam00*(u1 - 4*cos(v1) - 2*cos(v1 + v2)) - lam01*(u2 - 4*sin(v1) - 2*sin(v1 + v2)) + v1], [-lam10*(u1 - 4*cos(v1) - 2*cos(v1 + v2)) - lam11*(u2 - 4*sin(v1) - 2*sin(v1 + v2)) + v2]])
Matrix([[-lam00*(u1 - 4*cos(v1) - 2*cos(v1 + v2)) - lam01*(u2 - 4*sin(v1) - 2*sin(v1 + v2)) + v1], [-lam10*(u1 - 4*cos(v1) - 2*cos(v1 + v2)) - lam11*(u2 - 4*sin(v1) - 2*sin(v1 + v2)) + v2]])
#####
RECURRENT FORM 
#####
#####
RECURRENT FORM 
#####
Matrix([[-lam00*(u1 - 4*cos(v1) - 2*cos(v1 + v2)) - lam01*(u2 - 4*sin(v1) - 2*sin(v1 + v2)) + v1], [-lam10*(u1 - 4*cos(v1) - 2*cos(v1 + v2)) - lam11*(u2 - 4*sin(v1) - 2*sin(v1 + v2)) + v2]])
Matrix([[-lam00*(u1 - 4*cos(v1) - 2*cos(v1 + v2)) - lam01*(u2 - 4*sin(v1) - 2*sin(v1 + v2)) + v1], [-lam10*(u1 - 4*cos(v1) - 2*cos(v1 + v2)) - lam11*(u2 - 4*sin(v1) - 2*sin(v1 + v2)) + v2]])
#####
RECURRENT FORM 
#####
Matrix([[-lam00*(u1 - 4*cos(v1) - 2*cos(v1 + v2)) - lam01*(u2 - 4*sin(v1) - 2*sin(v1 + v2)) + v1], [-lam10*(u1 - 4*cos(v1) - 2*cos(v1 + v2)) - lam11*(u2 - 4*sin(v1) - 2*sin(v1 + v2)) + v2]])
rank =  6 ;  6 / 99
rank =  4 ;  4 / 99
rank =  2 ;  2 / 99
rank =  0 ;  0 / 99
rank =  8 ;  8 / 99
rank =  0 ;  10 / 99
rank =  2 ;  12 / 99
rank =  8 ;  18 / 99
rank =  6 ;  16 / 99
rank =  0 ;  20 / 99
rank =  0 ;  30 / 99
rank =  4 ;  14 / 99
rank =  6 ;  26 / 99
rank =  8 ;  28 / 99
rank =  2 ;  22 / 99
rank =  0 ;  40 / 99
rank =  0 ;  50 / 99
rank =  4 ;  24 / 99
rank =  2 ;  32 / 99
rank =  8 ;  38 / 99
rank =  6 ;  36 / 99
rank =  0 ;  60 / 99
rank =  4 ;  34 / 99
rank =  2 ;  42 / 99
rank =  0 ;  70 / 99
rank =  8 ;  48 / 99
rank =  6 ;  46 / 99
rank =  0 ;  80 / 99
rank =  4 ;  44 / 99
rank =  8 ;  58 / 99
rank =  0 ;  90 / 99
rank =  2 ;  52 / 99
0 recieving area_boxes from 1
0 recieving border_boxes from 1
0 recieving area_boxes from 2
rank =  4 ;  54 / 99
rank =  6 ;  56 / 99
rank =  8 ;  68 / 99
rank =  2 ;  62 / 99
rank =  4 ;  64 / 99
rank =  6 ;  66 / 99
rank =  8 ;  78 / 99
rank =  8 ;  88 / 99
rank =  6 ;  76 / 99
rank =  2 ;  72 / 99
rank =  4 ;  74 / 99
rank =  8 ;  98 / 99
rank  8 sending area_boxes ...
rank  8 sending border_boxes ...
rank =  6 ;  86 / 99
rank =  2 ;  82 / 99
Traceback (most recent call last):
  File "passive_rehabilitation_system.py", line 176, in <module>
    bicentered_krawczyk_extension, eps, uniform_u=False)
TypeError: 'NoneType' object is not iterable
rank =  4 ;  84 / 99
rank =  6 ;  96 / 99
rank =  2 ;  92 / 99
rank  6 sending area_boxes ...
rank  6 sending border_boxes ...
Traceback (most recent call last):
  File "passive_rehabilitation_system.py", line 176, in <module>
    bicentered_krawczyk_extension, eps, uniform_u=False)
TypeError: 'NoneType' object is not iterable
rank =  4 ;  94 / 99
rank  2 sending area_boxes ...
rank  2 sending border_boxes ...
0 recieving border_boxes from 2
0 recieving area_boxes from 3
0 recieving border_boxes from 3
0 recieving area_boxes from 4
Traceback (most recent call last):
  File "passive_rehabilitation_system.py", line 176, in <module>
    bicentered_krawczyk_extension, eps, uniform_u=False)
TypeError: 'NoneType' object is not iterable
rank  4 sending area_boxes ...
rank  4 sending border_boxes ...
Traceback (most recent call last):
  File "passive_rehabilitation_system.py", line 176, in <module>
    bicentered_krawczyk_extension, eps, uniform_u=False)
TypeError: 'NoneType' object is not iterable
0 recieving border_boxes from 4
0 recieving area_boxes from 5
0 recieving border_boxes from 5
0 recieving area_boxes from 6
0 recieving border_boxes from 6
0 recieving area_boxes from 7
0 recieving border_boxes from 7
0 recieving area_boxes from 8
0 recieving border_boxes from 8
0 recieving area_boxes from 9
0 recieving border_boxes from 9
Plot for Bicentered Krawczyk
rank =  0 ;  0 / 99
rank =  0 ;  10 / 99
rank =  0 ;  20 / 99
rank =  0 ;  30 / 99
rank =  0 ;  40 / 99
rank =  0 ;  50 / 99
rank =  0 ;  60 / 99
rank =  0 ;  70 / 99
rank =  0 ;  80 / 99
rank =  0 ;  90 / 99
0 recieving area_boxes from 1
slurmstepd: error: *** JOB 6602 ON g5500-1 CANCELLED AT 2021-11-15T19:11:55 ***
