parameters  = --gpus all -v /home/amaminov:/home/amaminov -w /home/amaminov/interval-underdetermined-system-solver/interval-underdetermined-system-solver
42a97616ec9038ef52a7c27634d5700e02403c3716054a9ce59794eac659eb36
Initialize container ...
Migrating user amaminov to container ...
Container starts ...
Traceback (most recent call last):
  File "passive_rehabilitation_system.py", line 5, in <module>
    from check_box import check_box, check_one_box
  File "/home/amaminov/interval-underdetermined-system-solver/interval-underdetermined-system-solver/check_box.py", line 289, in <module>
    grid_v = None, dim_v=None, uniform_v = True, uniform_u = True, comm = none):
NameError: name 'none' is not defined
Traceback (most recent call last):
  File "passive_rehabilitation_system.py", line 5, in <module>
    from check_box import check_box, check_one_box
  File "/home/amaminov/interval-underdetermined-system-solver/interval-underdetermined-system-solver/check_box.py", line 289, in <module>
    grid_v = None, dim_v=None, uniform_v = True, uniform_u = True, comm = none):
NameError: name 'none' is not defined
Traceback (most recent call last):
  File "passive_rehabilitation_system.py", line 5, in <module>
    from check_box import check_box, check_one_box
  File "/home/amaminov/interval-underdetermined-system-solver/interval-underdetermined-system-solver/check_box.py", line 289, in <module>
    grid_v = None, dim_v=None, uniform_v = True, uniform_u = True, comm = none):
NameError: name 'none' is not defined
Traceback (most recent call last):
  File "passive_rehabilitation_system.py", line 5, in <module>
    from check_box import check_box, check_one_box
  File "/home/amaminov/interval-underdetermined-system-solver/interval-underdetermined-system-solver/check_box.py", line 289, in <module>
    grid_v = None, dim_v=None, uniform_v = True, uniform_u = True, comm = none):
NameError: name 'none' is not defined
Traceback (most recent call last):
  File "passive_rehabilitation_system.py", line 5, in <module>
    from check_box import check_box, check_one_box
  File "/home/amaminov/interval-underdetermined-system-solver/interval-underdetermined-system-solver/check_box.py", line 289, in <module>
    grid_v = None, dim_v=None, uniform_v = True, uniform_u = True, comm = none):
NameError: name 'none' is not defined
Traceback (most recent call last):
  File "passive_rehabilitation_system.py", line 5, in <module>
    from check_box import check_box, check_one_box
  File "/home/amaminov/interval-underdetermined-system-solver/interval-underdetermined-system-solver/check_box.py", line 289, in <module>
    grid_v = None, dim_v=None, uniform_v = True, uniform_u = True, comm = none):
NameError: name 'none' is not defined
Traceback (most recent call last):
  File "passive_rehabilitation_system.py", line 5, in <module>
    from check_box import check_box, check_one_box
  File "/home/amaminov/interval-underdetermined-system-solver/interval-underdetermined-system-solver/check_box.py", line 289, in <module>
    grid_v = None, dim_v=None, uniform_v = True, uniform_u = True, comm = none):
NameError: name 'none' is not defined
Traceback (most recent call last):
  File "passive_rehabilitation_system.py", line 5, in <module>
    from check_box import check_box, check_one_box
  File "/home/amaminov/interval-underdetermined-system-solver/interval-underdetermined-system-solver/check_box.py", line 289, in <module>
    grid_v = None, dim_v=None, uniform_v = True, uniform_u = True, comm = none):
NameError: name 'none' is not defined
Traceback (most recent call last):
  File "passive_rehabilitation_system.py", line 5, in <module>
    from check_box import check_box, check_one_box
  File "/home/amaminov/interval-underdetermined-system-solver/interval-underdetermined-system-solver/check_box.py", line 289, in <module>
    grid_v = None, dim_v=None, uniform_v = True, uniform_u = True, comm = none):
NameError: name 'none' is not defined
Traceback (most recent call last):
  File "passive_rehabilitation_system.py", line 5, in <module>
    from check_box import check_box, check_one_box
  File "/home/amaminov/interval-underdetermined-system-solver/interval-underdetermined-system-solver/check_box.py", line 289, in <module>
    grid_v = None, dim_v=None, uniform_v = True, uniform_u = True, comm = none):
NameError: name 'none' is not defined
Traceback (most recent call last):
  File "passive_rehabilitation_system.py", line 5, in <module>
    from check_box import check_box, check_one_box
  File "/home/amaminov/interval-underdetermined-system-solver/interval-underdetermined-system-solver/check_box.py", line 289, in <module>
    grid_v = None, dim_v=None, uniform_v = True, uniform_u = True, comm = none):
NameError: name 'none' is not defined
Traceback (most recent call last):
  File "passive_rehabilitation_system.py", line 5, in <module>
    from check_box import check_box, check_one_box
  File "/home/amaminov/interval-underdetermined-system-solver/interval-underdetermined-system-solver/check_box.py", line 289, in <module>
    grid_v = None, dim_v=None, uniform_v = True, uniform_u = True, comm = none):
NameError: name 'none' is not defined
Traceback (most recent call last):
  File "passive_rehabilitation_system.py", line 5, in <module>
    from check_box import check_box, check_one_box
  File "/home/amaminov/interval-underdetermined-system-solver/interval-underdetermined-system-solver/check_box.py", line 289, in <module>
    grid_v = None, dim_v=None, uniform_v = True, uniform_u = True, comm = none):
NameError: name 'none' is not defined
Traceback (most recent call last):
  File "passive_rehabilitation_system.py", line 5, in <module>
    from check_box import check_box, check_one_box
  File "/home/amaminov/interval-underdetermined-system-solver/interval-underdetermined-system-solver/check_box.py", line 289, in <module>
    grid_v = None, dim_v=None, uniform_v = True, uniform_u = True, comm = none):
NameError: name 'none' is not defined
Traceback (most recent call last):
  File "passive_rehabilitation_system.py", line 5, in <module>
    from check_box import check_box, check_one_box
  File "/home/amaminov/interval-underdetermined-system-solver/interval-underdetermined-system-solver/check_box.py", line 289, in <module>
    grid_v = None, dim_v=None, uniform_v = True, uniform_u = True, comm = none):
NameError: name 'none' is not defined
Traceback (most recent call last):
  File "passive_rehabilitation_system.py", line 5, in <module>
    from check_box import check_box, check_one_box
  File "/home/amaminov/interval-underdetermined-system-solver/interval-underdetermined-system-solver/check_box.py", line 289, in <module>
    grid_v = None, dim_v=None, uniform_v = True, uniform_u = True, comm = none):
NameError: name 'none' is not defined
Traceback (most recent call last):
  File "passive_rehabilitation_system.py", line 5, in <module>
    from check_box import check_box, check_one_box
  File "/home/amaminov/interval-underdetermined-system-solver/interval-underdetermined-system-solver/check_box.py", line 289, in <module>
    grid_v = None, dim_v=None, uniform_v = True, uniform_u = True, comm = none):
NameError: name 'none' is not defined
Traceback (most recent call last):
  File "passive_rehabilitation_system.py", line 5, in <module>
    from check_box import check_box, check_one_box
  File "/home/amaminov/interval-underdetermined-system-solver/interval-underdetermined-system-solver/check_box.py", line 289, in <module>
    grid_v = None, dim_v=None, uniform_v = True, uniform_u = True, comm = none):
NameError: name 'none' is not defined
Traceback (most recent call last):
  File "passive_rehabilitation_system.py", line 5, in <module>
    from check_box import check_box, check_one_box
  File "/home/amaminov/interval-underdetermined-system-solver/interval-underdetermined-system-solver/check_box.py", line 289, in <module>
    grid_v = None, dim_v=None, uniform_v = True, uniform_u = True, comm = none):
NameError: name 'none' is not defined
Traceback (most recent call last):
  File "passive_rehabilitation_system.py", line 5, in <module>
    from check_box import check_box, check_one_box
  File "/home/amaminov/interval-underdetermined-system-solver/interval-underdetermined-system-solver/check_box.py", line 289, in <module>
    grid_v = None, dim_v=None, uniform_v = True, uniform_u = True, comm = none):
NameError: name 'none' is not defined
Traceback (most recent call last):
  File "passive_rehabilitation_system.py", line 5, in <module>
    from check_box import check_box, check_one_box
  File "/home/amaminov/interval-underdetermined-system-solver/interval-underdetermined-system-solver/check_box.py", line 289, in <module>
    grid_v = None, dim_v=None, uniform_v = True, uniform_u = True, comm = none):
NameError: name 'none' is not defined
Traceback (most recent call last):
  File "passive_rehabilitation_system.py", line 5, in <module>
    from check_box import check_box, check_one_box
  File "/home/amaminov/interval-underdetermined-system-solver/interval-underdetermined-system-solver/check_box.py", line 289, in <module>
    grid_v = None, dim_v=None, uniform_v = True, uniform_u = True, comm = none):
NameError: name 'none' is not defined
Traceback (most recent call last):
  File "passive_rehabilitation_system.py", line 5, in <module>
    from check_box import check_box, check_one_box
  File "/home/amaminov/interval-underdetermined-system-solver/interval-underdetermined-system-solver/check_box.py", line 289, in <module>
    grid_v = None, dim_v=None, uniform_v = True, uniform_u = True, comm = none):
NameError: name 'none' is not defined
Traceback (most recent call last):
  File "passive_rehabilitation_system.py", line 5, in <module>
    from check_box import check_box, check_one_box
  File "/home/amaminov/interval-underdetermined-system-solver/interval-underdetermined-system-solver/check_box.py", line 289, in <module>
    grid_v = None, dim_v=None, uniform_v = True, uniform_u = True, comm = none):
NameError: name 'none' is not defined
Traceback (most recent call last):
  File "passive_rehabilitation_system.py", line 5, in <module>
    from check_box import check_box, check_one_box
  File "/home/amaminov/interval-underdetermined-system-solver/interval-underdetermined-system-solver/check_box.py", line 289, in <module>
    grid_v = None, dim_v=None, uniform_v = True, uniform_u = True, comm = none):
NameError: name 'none' is not defined
Traceback (most recent call last):
  File "passive_rehabilitation_system.py", line 5, in <module>
    from check_box import check_box, check_one_box
  File "/home/amaminov/interval-underdetermined-system-solver/interval-underdetermined-system-solver/check_box.py", line 289, in <module>
    grid_v = None, dim_v=None, uniform_v = True, uniform_u = True, comm = none):
NameError: name 'none' is not defined
Traceback (most recent call last):
  File "passive_rehabilitation_system.py", line 5, in <module>
    from check_box import check_box, check_one_box
  File "/home/amaminov/interval-underdetermined-system-solver/interval-underdetermined-system-solver/check_box.py", line 289, in <module>
    grid_v = None, dim_v=None, uniform_v = True, uniform_u = True, comm = none):
NameError: name 'none' is not defined
Traceback (most recent call last):
  File "passive_rehabilitation_system.py", line 5, in <module>
    from check_box import check_box, check_one_box
  File "/home/amaminov/interval-underdetermined-system-solver/interval-underdetermined-system-solver/check_box.py", line 289, in <module>
    grid_v = None, dim_v=None, uniform_v = True, uniform_u = True, comm = none):
NameError: name 'none' is not defined
Traceback (most recent call last):
  File "passive_rehabilitation_system.py", line 5, in <module>
    from check_box import check_box, check_one_box
  File "/home/amaminov/interval-underdetermined-system-solver/interval-underdetermined-system-solver/check_box.py", line 289, in <module>
    grid_v = None, dim_v=None, uniform_v = True, uniform_u = True, comm = none):
NameError: name 'none' is not defined
Traceback (most recent call last):
  File "passive_rehabilitation_system.py", line 5, in <module>
    from check_box import check_box, check_one_box
  File "/home/amaminov/interval-underdetermined-system-solver/interval-underdetermined-system-solver/check_box.py", line 289, in <module>
    grid_v = None, dim_v=None, uniform_v = True, uniform_u = True, comm = none):
NameError: name 'none' is not defined
Traceback (most recent call last):
  File "passive_rehabilitation_system.py", line 5, in <module>
    from check_box import check_box, check_one_box
  File "/home/amaminov/interval-underdetermined-system-solver/interval-underdetermined-system-solver/check_box.py", line 289, in <module>
    grid_v = None, dim_v=None, uniform_v = True, uniform_u = True, comm = none):
NameError: name 'none' is not defined
Traceback (most recent call last):
  File "passive_rehabilitation_system.py", line 5, in <module>
    from check_box import check_box, check_one_box
  File "/home/amaminov/interval-underdetermined-system-solver/interval-underdetermined-system-solver/check_box.py", line 289, in <module>
    grid_v = None, dim_v=None, uniform_v = True, uniform_u = True, comm = none):
NameError: name 'none' is not defined
Traceback (most recent call last):
  File "passive_rehabilitation_system.py", line 5, in <module>
    from check_box import check_box, check_one_box
  File "/home/amaminov/interval-underdetermined-system-solver/interval-underdetermined-system-solver/check_box.py", line 289, in <module>
    grid_v = None, dim_v=None, uniform_v = True, uniform_u = True, comm = none):
NameError: name 'none' is not defined
Traceback (most recent call last):
  File "passive_rehabilitation_system.py", line 5, in <module>
    from check_box import check_box, check_one_box
  File "/home/amaminov/interval-underdetermined-system-solver/interval-underdetermined-system-solver/check_box.py", line 289, in <module>
    grid_v = None, dim_v=None, uniform_v = True, uniform_u = True, comm = none):
NameError: name 'none' is not defined
Traceback (most recent call last):
  File "passive_rehabilitation_system.py", line 5, in <module>
    from check_box import check_box, check_one_box
  File "/home/amaminov/interval-underdetermined-system-solver/interval-underdetermined-system-solver/check_box.py", line 289, in <module>
    grid_v = None, dim_v=None, uniform_v = True, uniform_u = True, comm = none):
NameError: name 'none' is not defined
Traceback (most recent call last):
  File "passive_rehabilitation_system.py", line 5, in <module>
    from check_box import check_box, check_one_box
  File "/home/amaminov/interval-underdetermined-system-solver/interval-underdetermined-system-solver/check_box.py", line 289, in <module>
    grid_v = None, dim_v=None, uniform_v = True, uniform_u = True, comm = none):
NameError: name 'none' is not defined
Traceback (most recent call last):
  File "passive_rehabilitation_system.py", line 5, in <module>
    from check_box import check_box, check_one_box
  File "/home/amaminov/interval-underdetermined-system-solver/interval-underdetermined-system-solver/check_box.py", line 289, in <module>
    grid_v = None, dim_v=None, uniform_v = True, uniform_u = True, comm = none):
NameError: name 'none' is not defined
Traceback (most recent call last):
  File "passive_rehabilitation_system.py", line 5, in <module>
    from check_box import check_box, check_one_box
  File "/home/amaminov/interval-underdetermined-system-solver/interval-underdetermined-system-solver/check_box.py", line 289, in <module>
    grid_v = None, dim_v=None, uniform_v = True, uniform_u = True, comm = none):
NameError: name 'none' is not defined
Traceback (most recent call last):
  File "passive_rehabilitation_system.py", line 5, in <module>
    from check_box import check_box, check_one_box
  File "/home/amaminov/interval-underdetermined-system-solver/interval-underdetermined-system-solver/check_box.py", line 289, in <module>
    grid_v = None, dim_v=None, uniform_v = True, uniform_u = True, comm = none):
NameError: name 'none' is not defined
Traceback (most recent call last):
  File "passive_rehabilitation_system.py", line 5, in <module>
    from check_box import check_box, check_one_box
  File "/home/amaminov/interval-underdetermined-system-solver/interval-underdetermined-system-solver/check_box.py", line 289, in <module>
    grid_v = None, dim_v=None, uniform_v = True, uniform_u = True, comm = none):
NameError: name 'none' is not defined
Traceback (most recent call last):
  File "passive_rehabilitation_system.py", line 5, in <module>
    from check_box import check_box, check_one_box
  File "/home/amaminov/interval-underdetermined-system-solver/interval-underdetermined-system-solver/check_box.py", line 289, in <module>
    grid_v = None, dim_v=None, uniform_v = True, uniform_u = True, comm = none):
NameError: name 'none' is not defined
Traceback (most recent call last):
  File "passive_rehabilitation_system.py", line 5, in <module>
    from check_box import check_box, check_one_box
  File "/home/amaminov/interval-underdetermined-system-solver/interval-underdetermined-system-solver/check_box.py", line 289, in <module>
    grid_v = None, dim_v=None, uniform_v = True, uniform_u = True, comm = none):
NameError: name 'none' is not defined
Traceback (most recent call last):
  File "passive_rehabilitation_system.py", line 5, in <module>
    from check_box import check_box, check_one_box
  File "/home/amaminov/interval-underdetermined-system-solver/interval-underdetermined-system-solver/check_box.py", line 289, in <module>
    grid_v = None, dim_v=None, uniform_v = True, uniform_u = True, comm = none):
NameError: name 'none' is not defined
Traceback (most recent call last):
  File "passive_rehabilitation_system.py", line 5, in <module>
    from check_box import check_box, check_one_box
  File "/home/amaminov/interval-underdetermined-system-solver/interval-underdetermined-system-solver/check_box.py", line 289, in <module>
    grid_v = None, dim_v=None, uniform_v = True, uniform_u = True, comm = none):
NameError: name 'none' is not defined
Traceback (most recent call last):
  File "passive_rehabilitation_system.py", line 5, in <module>
    from check_box import check_box, check_one_box
  File "/home/amaminov/interval-underdetermined-system-solver/interval-underdetermined-system-solver/check_box.py", line 289, in <module>
    grid_v = None, dim_v=None, uniform_v = True, uniform_u = True, comm = none):
NameError: name 'none' is not defined
Traceback (most recent call last):
  File "passive_rehabilitation_system.py", line 5, in <module>
    from check_box import check_box, check_one_box
  File "/home/amaminov/interval-underdetermined-system-solver/interval-underdetermined-system-solver/check_box.py", line 289, in <module>
    grid_v = None, dim_v=None, uniform_v = True, uniform_u = True, comm = none):
NameError: name 'none' is not defined
Traceback (most recent call last):
  File "passive_rehabilitation_system.py", line 5, in <module>
    from check_box import check_box, check_one_box
  File "/home/amaminov/interval-underdetermined-system-solver/interval-underdetermined-system-solver/check_box.py", line 289, in <module>
    grid_v = None, dim_v=None, uniform_v = True, uniform_u = True, comm = none):
NameError: name 'none' is not defined
Traceback (most recent call last):
  File "passive_rehabilitation_system.py", line 5, in <module>
    from check_box import check_box, check_one_box
  File "/home/amaminov/interval-underdetermined-system-solver/interval-underdetermined-system-solver/check_box.py", line 289, in <module>
    grid_v = None, dim_v=None, uniform_v = True, uniform_u = True, comm = none):
NameError: name 'none' is not defined
-------------------------------------------------------
Primary job  terminated normally, but 1 process returned
a non-zero exit code.. Per user-direction, the job has been aborted.
-------------------------------------------------------
Traceback (most recent call last):
  File "passive_rehabilitation_system.py", line 5, in <module>
    from check_box import check_box, check_one_box
  File "/home/amaminov/interval-underdetermined-system-solver/interval-underdetermined-system-solver/check_box.py", line 289, in <module>
    grid_v = None, dim_v=None, uniform_v = True, uniform_u = True, comm = none):
NameError: name 'none' is not defined
Traceback (most recent call last):
  File "passive_rehabilitation_system.py", line 5, in <module>
    from check_box import check_box, check_one_box
  File "/home/amaminov/interval-underdetermined-system-solver/interval-underdetermined-system-solver/check_box.py", line 289, in <module>
    grid_v = None, dim_v=None, uniform_v = True, uniform_u = True, comm = none):
NameError: name 'none' is not defined
Traceback (most recent call last):
  File "passive_rehabilitation_system.py", line 5, in <module>
    from check_box import check_box, check_one_box
  File "/home/amaminov/interval-underdetermined-system-solver/interval-underdetermined-system-solver/check_box.py", line 289, in <module>
    grid_v = None, dim_v=None, uniform_v = True, uniform_u = True, comm = none):
NameError: name 'none' is not defined
Traceback (most recent call last):
  File "passive_rehabilitation_system.py", line 5, in <module>
    from check_box import check_box, check_one_box
  File "/home/amaminov/interval-underdetermined-system-solver/interval-underdetermined-system-solver/check_box.py", line 289, in <module>
    grid_v = None, dim_v=None, uniform_v = True, uniform_u = True, comm = none):
NameError: name 'none' is not defined
Traceback (most recent call last):
  File "passive_rehabilitation_system.py", line 5, in <module>
    from check_box import check_box, check_one_box
  File "/home/amaminov/interval-underdetermined-system-solver/interval-underdetermined-system-solver/check_box.py", line 289, in <module>
    grid_v = None, dim_v=None, uniform_v = True, uniform_u = True, comm = none):
NameError: name 'none' is not defined
Traceback (most recent call last):
  File "passive_rehabilitation_system.py", line 5, in <module>
    from check_box import check_box, check_one_box
  File "/home/amaminov/interval-underdetermined-system-solver/interval-underdetermined-system-solver/check_box.py", line 289, in <module>
    grid_v = None, dim_v=None, uniform_v = True, uniform_u = True, comm = none):
NameError: name 'none' is not defined
Traceback (most recent call last):
  File "passive_rehabilitation_system.py", line 5, in <module>
    from check_box import check_box, check_one_box
  File "/home/amaminov/interval-underdetermined-system-solver/interval-underdetermined-system-solver/check_box.py", line 289, in <module>
    grid_v = None, dim_v=None, uniform_v = True, uniform_u = True, comm = none):
NameError: name 'none' is not defined
Traceback (most recent call last):
  File "passive_rehabilitation_system.py", line 5, in <module>
    from check_box import check_box, check_one_box
  File "/home/amaminov/interval-underdetermined-system-solver/interval-underdetermined-system-solver/check_box.py", line 289, in <module>
    grid_v = None, dim_v=None, uniform_v = True, uniform_u = True, comm = none):
NameError: name 'none' is not defined
--------------------------------------------------------------------------
mpirun detected that one or more processes exited with non-zero status, thus causing
the job to be terminated. The first process to do so was:

  Process name: [[15887,1],28]
  Exit code:    1
--------------------------------------------------------------------------
Container stops ...
Container closed
Container deleted
