parameters  = --gpus all -v /home/amaminov:/home/amaminov -w /home/amaminov/interval-underdetermined-system-solver/interval-underdetermined-system-solver
1537f44ff9922dc11744f4292bc9092420410f6418ac18896080ae8299793db7
Initialize container ...
Migrating user amaminov to container ...
Container starts ...
Namespace(Nu=2, Nv=10, parallel=None, v1_0=15, v1_1=60, v2_0=45, v2_1=150)
Namespace(Nu=2, Nv=10, parallel=None, v1_0=15, v1_1=60, v2_0=45, v2_1=150)
#####
RECURRENT FORM 
#####
#####
RECURRENT FORM 
#####
Matrix([[-lam00*(u1 - 4*cos(v1) - 2*cos(v1 + v2)) - lam01*(u2 - 4*sin(v1) - 2*sin(v1 + v2)) + v1], [-lam10*(u1 - 4*cos(v1) - 2*cos(v1 + v2)) - lam11*(u2 - 4*sin(v1) - 2*sin(v1 + v2)) + v2]])
Matrix([[-lam00*(u1 - 4*cos(v1) - 2*cos(v1 + v2)) - lam01*(u2 - 4*sin(v1) - 2*sin(v1 + v2)) + v1], [-lam10*(u1 - 4*cos(v1) - 2*cos(v1 + v2)) - lam11*(u2 - 4*sin(v1) - 2*sin(v1 + v2)) + v2]])
#####
RECURRENT FORM 
#####
Matrix([[-lam00*(u1 - 4*cos(v1) - 2*cos(v1 + v2)) - lam01*(u2 - 4*sin(v1) - 2*sin(v1 + v2)) + v1], [-lam10*(u1 - 4*cos(v1) - 2*cos(v1 + v2)) - lam11*(u2 - 4*sin(v1) - 2*sin(v1 + v2)) + v2]])
#####
RECURRENT FORM 
#####
Matrix([[-lam00*(u1 - 4*cos(v1) - 2*cos(v1 + v2)) - lam01*(u2 - 4*sin(v1) - 2*sin(v1 + v2)) + v1], [-lam10*(u1 - 4*cos(v1) - 2*cos(v1 + v2)) - lam11*(u2 - 4*sin(v1) - 2*sin(v1 + v2)) + v2]])
rank =  0 ;  0 / 3
rank =  1 ;  1 / 3
rank =  0 ;  2 / 3
rank =  1 ;  3 / 3
0 recieving area_boxes from 1
rank  1 sending area_boxes ...
rank  1 sending border_boxes ...
0 recieving border_boxes from 1
Plot for Bicentered Krawczyk
Traceback (most recent call last):
  File "passive_rehabilitation_system.py", line 176, in <module>
    bicentered_krawczyk_extension, eps, uniform_u=False)
TypeError: 'NoneType' object is not iterable
rank =  0 ;  0 / 3
rank =  0 ;  2 / 3
0 recieving area_boxes from 1
slurmstepd: error: *** JOB 6603 ON g5500-1 CANCELLED AT 2021-11-15T19:17:44 ***
