parameters  = --gpus all -v /home/amaminov:/home/amaminov -w /home/amaminov/interval-underdetermined-system-solver/interval-underdetermined-system-solver
fd2c4e3c8e52d7397c89e50c143b2478686467a6fd8ec802f7ad5fe4981e4a4c
Initialize container ...
Migrating user amaminov to container ...
Container starts ...
Namespace(Nu=2, Nv=10, parallel=None, v1_0=15, v1_1=60, v2_0=45, v2_1=150)
Namespace(Nu=2, Nv=10, parallel=None, v1_0=15, v1_1=60, v2_0=45, v2_1=150)
#####
RECURRENT FORM 
#####
#####
RECURRENT FORM 
#####
Matrix([[-lam00*(u1 - 4*cos(v1) - 2*cos(v1 + v2)) - lam01*(u2 - 4*sin(v1) - 2*sin(v1 + v2)) + v1], [-lam10*(u1 - 4*cos(v1) - 2*cos(v1 + v2)) - lam11*(u2 - 4*sin(v1) - 2*sin(v1 + v2)) + v2]])
Matrix([[-lam00*(u1 - 4*cos(v1) - 2*cos(v1 + v2)) - lam01*(u2 - 4*sin(v1) - 2*sin(v1 + v2)) + v1], [-lam10*(u1 - 4*cos(v1) - 2*cos(v1 + v2)) - lam11*(u2 - 4*sin(v1) - 2*sin(v1 + v2)) + v2]])
#####
RECURRENT FORM 
#####
Matrix([[-lam00*(u1 - 4*cos(v1) - 2*cos(v1 + v2)) - lam01*(u2 - 4*sin(v1) - 2*sin(v1 + v2)) + v1], [-lam10*(u1 - 4*cos(v1) - 2*cos(v1 + v2)) - lam11*(u2 - 4*sin(v1) - 2*sin(v1 + v2)) + v2]])
rank =  1 ;  1 / 3
#####
RECURRENT FORM 
#####
Matrix([[-lam00*(u1 - 4*cos(v1) - 2*cos(v1 + v2)) - lam01*(u2 - 4*sin(v1) - 2*sin(v1 + v2)) + v1], [-lam10*(u1 - 4*cos(v1) - 2*cos(v1 + v2)) - lam11*(u2 - 4*sin(v1) - 2*sin(v1 + v2)) + v2]])
rank =  1 ;  3 / 3
rank =  0 ;  0 / 3
rank  1 sending area_boxes ...
rank  1 sending border_boxes ...
rank =  0 ;  2 / 3
0 recieving area_boxes from 1
0 recieving border_boxes from 1
Plot for Bicentered Krawczyk
rank =  0 ;  0 / 3
rank =  1 ;  1 / 3
rank =  1 ;  3 / 3
rank =  0 ;  2 / 3
rank  1 sending area_boxes ...
rank  1 sending border_boxes ...
0 recieving area_boxes from 1
0 recieving border_boxes from 1
Plot for Bicentered Krawczyk enlargement
Container stops ...
Container closed
Container deleted
