parameters  = --gpus all -v /home/amaminov:/home/amaminov -w /home/amaminov/interval-underdetermined-system-solver/interval-underdetermined-system-solver
3b98baa17bef90c34fb00c15f110417ad036c7f9b2fd436ea61be571e37d5e7f
Initialize container ...
Migrating user amaminov to container ...
Container starts ...
Namespace(Nu=2, Nv=10, parallel=None, v1_0=15, v1_1=60, v2_0=45, v2_1=150)
Namespace(Nu=2, Nv=10, parallel=None, v1_0=15, v1_1=60, v2_0=45, v2_1=150)
#####
RECURRENT FORM 
#####
#####
RECURRENT FORM 
#####
Matrix([[-lam00*(u1 - 4*cos(v1) - 2*cos(v1 + v2)) - lam01*(u2 - 4*sin(v1) - 2*sin(v1 + v2)) + v1], [-lam10*(u1 - 4*cos(v1) - 2*cos(v1 + v2)) - lam11*(u2 - 4*sin(v1) - 2*sin(v1 + v2)) + v2]])
Matrix([[-lam00*(u1 - 4*cos(v1) - 2*cos(v1 + v2)) - lam01*(u2 - 4*sin(v1) - 2*sin(v1 + v2)) + v1], [-lam10*(u1 - 4*cos(v1) - 2*cos(v1 + v2)) - lam11*(u2 - 4*sin(v1) - 2*sin(v1 + v2)) + v2]])
#####
RECURRENT FORM 
#####
#####
RECURRENT FORM 
#####
Matrix([[-lam00*(u1 - 4*cos(v1) - 2*cos(v1 + v2)) - lam01*(u2 - 4*sin(v1) - 2*sin(v1 + v2)) + v1], [-lam10*(u1 - 4*cos(v1) - 2*cos(v1 + v2)) - lam11*(u2 - 4*sin(v1) - 2*sin(v1 + v2)) + v2]])
Matrix([[-lam00*(u1 - 4*cos(v1) - 2*cos(v1 + v2)) - lam01*(u2 - 4*sin(v1) - 2*sin(v1 + v2)) + v1], [-lam10*(u1 - 4*cos(v1) - 2*cos(v1 + v2)) - lam11*(u2 - 4*sin(v1) - 2*sin(v1 + v2)) + v2]])
rank =  0 ;  0 / 3
rank =  1 ;  1 / 3
rank =  0 ;  2 / 3
rank =  1 ;  3 / 3
rank  1 sending area_boxes ...
rank  1 sending border_boxes ...
0 recieving area_boxes from 1
0 recieving border_boxes from 1
Traceback (most recent call last):
  File "passive_rehabilitation_system.py", line 176, in <module>
    bicentered_krawczyk_extension, eps, uniform_u=False)
TypeError: 'NoneType' object is not iterable
Traceback (most recent call last):
  File "passive_rehabilitation_system.py", line 177, in <module>
    if rank == 0:
NameError: name 'rank' is not defined
-------------------------------------------------------
Primary job  terminated normally, but 1 process returned
a non-zero exit code.. Per user-direction, the job has been aborted.
-------------------------------------------------------
--------------------------------------------------------------------------
mpirun detected that one or more processes exited with non-zero status, thus causing
the job to be terminated. The first process to do so was:

  Process name: [[15013,1],0]
  Exit code:    1
--------------------------------------------------------------------------
Container stops ...
Container closed
Container deleted
