parameters  = --gpus all -v /home/amaminov:/home/amaminov -w /home/amaminov/interval-underdetermined-system-solver/interval-underdetermined-system-solver
167b99dbc6de858795ed1f2911c95b18a507fa24ca91e35817209a5add3dd5bc
Initialize container ...
Migrating user amaminov to container ...
Container starts ...
Namespace(Nu=10, Nv=10, parallel=None, v1_0=15, v1_1=60, v2_0=45, v2_1=150)
Namespace(Nu=10, Nv=10, parallel=None, v1_0=15, v1_1=60, v2_0=45, v2_1=150)
Namespace(Nu=10, Nv=10, parallel=None, v1_0=15, v1_1=60, v2_0=45, v2_1=150)
Namespace(Nu=10, Nv=10, parallel=None, v1_0=15, v1_1=60, v2_0=45, v2_1=150)
Namespace(Nu=10, Nv=10, parallel=None, v1_0=15, v1_1=60, v2_0=45, v2_1=150)
Namespace(Nu=10, Nv=10, parallel=None, v1_0=15, v1_1=60, v2_0=45, v2_1=150)
#####
RECURRENT FORM 
#####
#####
RECURRENT FORM 
#####
#####
RECURRENT FORM 
#####
#####
RECURRENT FORM 
#####
#####
RECURRENT FORM 
#####
Matrix([[-lam00*(u1 - 4*cos(v1) - 2*cos(v1 + v2)) - lam01*(u2 - 4*sin(v1) - 2*sin(v1 + v2)) + v1], [-lam10*(u1 - 4*cos(v1) - 2*cos(v1 + v2)) - lam11*(u2 - 4*sin(v1) - 2*sin(v1 + v2)) + v2]])
Matrix([[-lam00*(u1 - 4*cos(v1) - 2*cos(v1 + v2)) - lam01*(u2 - 4*sin(v1) - 2*sin(v1 + v2)) + v1], [-lam10*(u1 - 4*cos(v1) - 2*cos(v1 + v2)) - lam11*(u2 - 4*sin(v1) - 2*sin(v1 + v2)) + v2]])
Matrix([[-lam00*(u1 - 4*cos(v1) - 2*cos(v1 + v2)) - lam01*(u2 - 4*sin(v1) - 2*sin(v1 + v2)) + v1], [-lam10*(u1 - 4*cos(v1) - 2*cos(v1 + v2)) - lam11*(u2 - 4*sin(v1) - 2*sin(v1 + v2)) + v2]])
Matrix([[-lam00*(u1 - 4*cos(v1) - 2*cos(v1 + v2)) - lam01*(u2 - 4*sin(v1) - 2*sin(v1 + v2)) + v1], [-lam10*(u1 - 4*cos(v1) - 2*cos(v1 + v2)) - lam11*(u2 - 4*sin(v1) - 2*sin(v1 + v2)) + v2]])
Matrix([[-lam00*(u1 - 4*cos(v1) - 2*cos(v1 + v2)) - lam01*(u2 - 4*sin(v1) - 2*sin(v1 + v2)) + v1], [-lam10*(u1 - 4*cos(v1) - 2*cos(v1 + v2)) - lam11*(u2 - 4*sin(v1) - 2*sin(v1 + v2)) + v2]])
Namespace(Nu=10, Nv=10, parallel=None, v1_0=15, v1_1=60, v2_0=45, v2_1=150)
Namespace(Nu=10, Nv=10, parallel=None, v1_0=15, v1_1=60, v2_0=45, v2_1=150)
Namespace(Nu=10, Nv=10, parallel=None, v1_0=15, v1_1=60, v2_0=45, v2_1=150)
#####
RECURRENT FORM 
#####
Matrix([[-lam00*(u1 - 4*cos(v1) - 2*cos(v1 + v2)) - lam01*(u2 - 4*sin(v1) - 2*sin(v1 + v2)) + v1], [-lam10*(u1 - 4*cos(v1) - 2*cos(v1 + v2)) - lam11*(u2 - 4*sin(v1) - 2*sin(v1 + v2)) + v2]])
Namespace(Nu=10, Nv=10, parallel=None, v1_0=15, v1_1=60, v2_0=45, v2_1=150)
#####
RECURRENT FORM 
#####
Matrix([[-lam00*(u1 - 4*cos(v1) - 2*cos(v1 + v2)) - lam01*(u2 - 4*sin(v1) - 2*sin(v1 + v2)) + v1], [-lam10*(u1 - 4*cos(v1) - 2*cos(v1 + v2)) - lam11*(u2 - 4*sin(v1) - 2*sin(v1 + v2)) + v2]])
#####
RECURRENT FORM 
#####
Matrix([[-lam00*(u1 - 4*cos(v1) - 2*cos(v1 + v2)) - lam01*(u2 - 4*sin(v1) - 2*sin(v1 + v2)) + v1], [-lam10*(u1 - 4*cos(v1) - 2*cos(v1 + v2)) - lam11*(u2 - 4*sin(v1) - 2*sin(v1 + v2)) + v2]])
#####
RECURRENT FORM 
#####
Matrix([[-lam00*(u1 - 4*cos(v1) - 2*cos(v1 + v2)) - lam01*(u2 - 4*sin(v1) - 2*sin(v1 + v2)) + v1], [-lam10*(u1 - 4*cos(v1) - 2*cos(v1 + v2)) - lam11*(u2 - 4*sin(v1) - 2*sin(v1 + v2)) + v2]])
#####
RECURRENT FORM 
#####
Matrix([[-lam00*(u1 - 4*cos(v1) - 2*cos(v1 + v2)) - lam01*(u2 - 4*sin(v1) - 2*sin(v1 + v2)) + v1], [-lam10*(u1 - 4*cos(v1) - 2*cos(v1 + v2)) - lam11*(u2 - 4*sin(v1) - 2*sin(v1 + v2)) + v2]])
#####
RECURRENT FORM 
#####
#####
RECURRENT FORM 
#####
Matrix([[-lam00*(u1 - 4*cos(v1) - 2*cos(v1 + v2)) - lam01*(u2 - 4*sin(v1) - 2*sin(v1 + v2)) + v1], [-lam10*(u1 - 4*cos(v1) - 2*cos(v1 + v2)) - lam11*(u2 - 4*sin(v1) - 2*sin(v1 + v2)) + v2]])
Matrix([[-lam00*(u1 - 4*cos(v1) - 2*cos(v1 + v2)) - lam01*(u2 - 4*sin(v1) - 2*sin(v1 + v2)) + v1], [-lam10*(u1 - 4*cos(v1) - 2*cos(v1 + v2)) - lam11*(u2 - 4*sin(v1) - 2*sin(v1 + v2)) + v2]])
#####
RECURRENT FORM 
#####
Matrix([[-lam00*(u1 - 4*cos(v1) - 2*cos(v1 + v2)) - lam01*(u2 - 4*sin(v1) - 2*sin(v1 + v2)) + v1], [-lam10*(u1 - 4*cos(v1) - 2*cos(v1 + v2)) - lam11*(u2 - 4*sin(v1) - 2*sin(v1 + v2)) + v2]])
Traceback (most recent call last):
  File "passive_rehabilitation_system.py", line 176, in <module>
    bicentered_krawczyk_extension, eps, uniform_u=False)
  File "/home/amaminov/interval-underdetermined-system-solver/interval-underdetermined-system-solver/check_box.py", line 301, in check_box
    size = comm.Get_size()
NameError: name 'comm' is not defined
Traceback (most recent call last):
  File "passive_rehabilitation_system.py", line 176, in <module>
    bicentered_krawczyk_extension, eps, uniform_u=False)
  File "/home/amaminov/interval-underdetermined-system-solver/interval-underdetermined-system-solver/check_box.py", line 301, in check_box
    size = comm.Get_size()
NameError: name 'comm' is not defined
#####
RECURRENT FORM 
#####
#####
RECURRENT FORM 
#####
Traceback (most recent call last):
  File "passive_rehabilitation_system.py", line 176, in <module>
    bicentered_krawczyk_extension, eps, uniform_u=False)
  File "/home/amaminov/interval-underdetermined-system-solver/interval-underdetermined-system-solver/check_box.py", line 301, in check_box
    size = comm.Get_size()
NameError: name 'comm' is not defined
Matrix([[-lam00*(u1 - 4*cos(v1) - 2*cos(v1 + v2)) - lam01*(u2 - 4*sin(v1) - 2*sin(v1 + v2)) + v1], [-lam10*(u1 - 4*cos(v1) - 2*cos(v1 + v2)) - lam11*(u2 - 4*sin(v1) - 2*sin(v1 + v2)) + v2]])
Matrix([[-lam00*(u1 - 4*cos(v1) - 2*cos(v1 + v2)) - lam01*(u2 - 4*sin(v1) - 2*sin(v1 + v2)) + v1], [-lam10*(u1 - 4*cos(v1) - 2*cos(v1 + v2)) - lam11*(u2 - 4*sin(v1) - 2*sin(v1 + v2)) + v2]])
Traceback (most recent call last):
  File "passive_rehabilitation_system.py", line 176, in <module>
    bicentered_krawczyk_extension, eps, uniform_u=False)
  File "/home/amaminov/interval-underdetermined-system-solver/interval-underdetermined-system-solver/check_box.py", line 301, in check_box
    size = comm.Get_size()
NameError: name 'comm' is not defined
Traceback (most recent call last):
  File "passive_rehabilitation_system.py", line 176, in <module>
    bicentered_krawczyk_extension, eps, uniform_u=False)
  File "/home/amaminov/interval-underdetermined-system-solver/interval-underdetermined-system-solver/check_box.py", line 301, in check_box
    size = comm.Get_size()
NameError: name 'comm' is not defined
#####
RECURRENT FORM 
#####
Matrix([[-lam00*(u1 - 4*cos(v1) - 2*cos(v1 + v2)) - lam01*(u2 - 4*sin(v1) - 2*sin(v1 + v2)) + v1], [-lam10*(u1 - 4*cos(v1) - 2*cos(v1 + v2)) - lam11*(u2 - 4*sin(v1) - 2*sin(v1 + v2)) + v2]])
Traceback (most recent call last):
  File "passive_rehabilitation_system.py", line 176, in <module>
    bicentered_krawczyk_extension, eps, uniform_u=False)
  File "/home/amaminov/interval-underdetermined-system-solver/interval-underdetermined-system-solver/check_box.py", line 301, in check_box
    size = comm.Get_size()
NameError: name 'comm' is not defined
#####
RECURRENT FORM 
#####
Matrix([[-lam00*(u1 - 4*cos(v1) - 2*cos(v1 + v2)) - lam01*(u2 - 4*sin(v1) - 2*sin(v1 + v2)) + v1], [-lam10*(u1 - 4*cos(v1) - 2*cos(v1 + v2)) - lam11*(u2 - 4*sin(v1) - 2*sin(v1 + v2)) + v2]])
#####
RECURRENT FORM 
#####
#####
RECURRENT FORM 
#####
Matrix([[-lam00*(u1 - 4*cos(v1) - 2*cos(v1 + v2)) - lam01*(u2 - 4*sin(v1) - 2*sin(v1 + v2)) + v1], [-lam10*(u1 - 4*cos(v1) - 2*cos(v1 + v2)) - lam11*(u2 - 4*sin(v1) - 2*sin(v1 + v2)) + v2]])
Matrix([[-lam00*(u1 - 4*cos(v1) - 2*cos(v1 + v2)) - lam01*(u2 - 4*sin(v1) - 2*sin(v1 + v2)) + v1], [-lam10*(u1 - 4*cos(v1) - 2*cos(v1 + v2)) - lam11*(u2 - 4*sin(v1) - 2*sin(v1 + v2)) + v2]])
Traceback (most recent call last):
  File "passive_rehabilitation_system.py", line 176, in <module>
    bicentered_krawczyk_extension, eps, uniform_u=False)
  File "/home/amaminov/interval-underdetermined-system-solver/interval-underdetermined-system-solver/check_box.py", line 301, in check_box
    size = comm.Get_size()
NameError: name 'comm' is not defined
Traceback (most recent call last):
  File "passive_rehabilitation_system.py", line 176, in <module>
    bicentered_krawczyk_extension, eps, uniform_u=False)
  File "/home/amaminov/interval-underdetermined-system-solver/interval-underdetermined-system-solver/check_box.py", line 301, in check_box
    size = comm.Get_size()
NameError: name 'comm' is not defined
Traceback (most recent call last):
  File "passive_rehabilitation_system.py", line 176, in <module>
    bicentered_krawczyk_extension, eps, uniform_u=False)
  File "/home/amaminov/interval-underdetermined-system-solver/interval-underdetermined-system-solver/check_box.py", line 301, in check_box
    size = comm.Get_size()
NameError: name 'comm' is not defined
#####
RECURRENT FORM 
#####
Matrix([[-lam00*(u1 - 4*cos(v1) - 2*cos(v1 + v2)) - lam01*(u2 - 4*sin(v1) - 2*sin(v1 + v2)) + v1], [-lam10*(u1 - 4*cos(v1) - 2*cos(v1 + v2)) - lam11*(u2 - 4*sin(v1) - 2*sin(v1 + v2)) + v2]])
Traceback (most recent call last):
  File "passive_rehabilitation_system.py", line 176, in <module>
    bicentered_krawczyk_extension, eps, uniform_u=False)
  File "/home/amaminov/interval-underdetermined-system-solver/interval-underdetermined-system-solver/check_box.py", line 301, in check_box
    size = comm.Get_size()
NameError: name 'comm' is not defined
-------------------------------------------------------
Primary job  terminated normally, but 1 process returned
a non-zero exit code.. Per user-direction, the job has been aborted.
-------------------------------------------------------
--------------------------------------------------------------------------
mpirun detected that one or more processes exited with non-zero status, thus causing
the job to be terminated. The first process to do so was:

  Process name: [[11659,1],7]
  Exit code:    1
--------------------------------------------------------------------------
Container stops ...
Container closed
Container deleted
